<?xml version="1.0" encoding="UTF-8"?>
<!-- Generated by org.testng.reporters.JUnitReportReporter -->
<testsuite skipped="0" hostname="KAL14X500SA" name="tests.TestCases" tests="4" failures="0" timestamp="2021-06-11T09:28:23 NZST" time="8.550" errors="1">
  <testcase name="case_RecordsgetAll" time="1.539" classname="tests.TestCases"/>
  <system-out/>
  <testcase name="case1_NameCarbonCredit" time="3.859" classname="tests.TestCases"/>
  <system-out/>
  <testcase name="case2_CanRelist" time="2.144" classname="tests.TestCases"/>
  <system-out/>
  <testcase name="case3_Name_equal_Gallery_has_a_Description_that_contains_the_text_2x_larger_image" time="1.008" classname="tests.TestCases">
    <error type="java.lang.Error" message="Unresolved compilation problem: 
	The constructor SkipException(String) is undefined
">
      <![CDATA[java.lang.Error: Unresolved compilation problem: 
The constructor SkipException(String) is undefined

at tests.TestCases.case3_Name_equal_Gallery_has_a_Description_that_contains_the_text_2x_larger_image(TestCases.java:195)
at sun.reflect.NativeMethodAccessorImpl.invoke0(Native Method)
at sun.reflect.NativeMethodAccessorImpl.invoke(NativeMethodAccessorImpl.java:62)
at sun.reflect.DelegatingMethodAccessorImpl.invoke(DelegatingMethodAccessorImpl.java:43)
at java.lang.reflect.Method.invoke(Method.java:498)
at org.testng.internal.MethodInvocationHelper.invokeMethod(MethodInvocationHelper.java:133)
at org.testng.internal.TestInvoker.invokeMethod(TestInvoker.java:598)
at org.testng.internal.TestInvoker.invokeTestMethod(TestInvoker.java:173)
at org.testng.internal.MethodRunner.runInSequence(MethodRunner.java:46)
at org.testng.internal.TestInvoker$MethodInvocationAgent.invoke(TestInvoker.java:824)
at org.testng.internal.TestInvoker.invokeTestMethods(TestInvoker.java:146)
at org.testng.internal.TestMethodWorker.invokeTestMethods(TestMethodWorker.java:146)
at org.testng.internal.TestMethodWorker.run(TestMethodWorker.java:128)
at java.util.ArrayList.forEach(ArrayList.java:1257)
at org.testng.TestRunner.privateRun(TestRunner.java:794)
at org.testng.TestRunner.run(TestRunner.java:596)
at org.testng.SuiteRunner.runTest(SuiteRunner.java:377)
at org.testng.SuiteRunner.runSequentially(SuiteRunner.java:371)
at org.testng.SuiteRunner.privateRun(SuiteRunner.java:332)
at org.testng.SuiteRunner.run(SuiteRunner.java:276)
at org.testng.SuiteRunnerWorker.runSuite(SuiteRunnerWorker.java:53)
at org.testng.SuiteRunnerWorker.run(SuiteRunnerWorker.java:96)
at org.testng.TestNG.runSuitesSequentially(TestNG.java:1212)
at org.testng.TestNG.runSuitesLocally(TestNG.java:1134)
at org.testng.TestNG.runSuites(TestNG.java:1063)
at org.testng.TestNG.run(TestNG.java:1031)
at org.testng.remote.AbstractRemoteTestNG.run(AbstractRemoteTestNG.java:115)
at org.testng.remote.RemoteTestNG.initAndRun(RemoteTestNG.java:251)
at org.testng.remote.RemoteTestNG.main(RemoteTestNG.java:77)
]]>
    </error>
  </testcase> <!-- case3_Name_equal_Gallery_has_a_Description_that_contains_the_text_2x_larger_image -->
  <system-out/>
</testsuite> <!-- tests.TestCases -->
