<?xml version="1.0" encoding="UTF-8"?>
<!-- Generated by org.testng.reporters.JUnitReportReporter -->
<testsuite skipped="0" hostname="KAL14X500SA" name="tests.TestCases" tests="4" failures="0" timestamp="2021-06-11T08:59:01 NZST" time="9.112" errors="0">
  <testcase name="case_RecordsgetAll" time="2.971" classname="tests.TestCases"/>
  <system-out/>
  <testcase name="case1_NameCarbonCredit" time="3.291" classname="tests.TestCases"/>
  <system-out/>
  <testcase name="case2_CanRelist" time="1.312" classname="tests.TestCases"/>
  <system-out/>
  <testcase name="case3_Name_equal_Gallery_has_a_Description_that_contains_the_text_2x_larger_image" time="1.538" classname="tests.TestCases"/>
  <system-out/>
</testsuite> <!-- tests.TestCases -->
