<?xml version="1.0" encoding="UTF-8"?>
<!-- Generated by org.testng.reporters.JUnitReportReporter -->
<testsuite skipped="4" hostname="KAL14X500SA" name="tests.TestCases" tests="5" failures="0" timestamp="2021-06-09T20:37:08 NZST" time="0.672" errors="1">
  <testcase name="setReport" time="0.672" classname="tests.TestCases">
    <error type="java.lang.Error" message="Unresolved compilation problems: 
	ExtentSparkReporter cannot be resolved to a type
	ExtentSparkReporter cannot be resolved to a type
	Theme cannot be resolved to a variable
">
      <![CDATA[java.lang.Error: Unresolved compilation problems: 
ExtentSparkReporter cannot be resolved to a type
ExtentSparkReporter cannot be resolved to a type
Theme cannot be resolved to a variable

at Reports.ExtentManager.getReports(ExtentManager.java:12)
at tests.TestCases.setReport(TestCases.java:40)
at sun.reflect.NativeMethodAccessorImpl.invoke0(Native Method)
at sun.reflect.NativeMethodAccessorImpl.invoke(NativeMethodAccessorImpl.java:62)
at sun.reflect.DelegatingMethodAccessorImpl.invoke(DelegatingMethodAccessorImpl.java:43)
at java.lang.reflect.Method.invoke(Method.java:498)
at org.testng.internal.MethodInvocationHelper.invokeMethod(MethodInvocationHelper.java:133)
at org.testng.internal.MethodInvocationHelper.invokeMethodConsideringTimeout(MethodInvocationHelper.java:62)
at org.testng.internal.ConfigInvoker.invokeConfigurationMethod(ConfigInvoker.java:385)
at org.testng.internal.ConfigInvoker.invokeConfigurations(ConfigInvoker.java:321)
at org.testng.TestRunner.invokeTestConfigurations(TestRunner.java:637)
at org.testng.TestRunner.beforeRun(TestRunner.java:627)
at org.testng.TestRunner.run(TestRunner.java:589)
at org.testng.SuiteRunner.runTest(SuiteRunner.java:377)
at org.testng.SuiteRunner.runSequentially(SuiteRunner.java:371)
at org.testng.SuiteRunner.privateRun(SuiteRunner.java:332)
at org.testng.SuiteRunner.run(SuiteRunner.java:276)
at org.testng.SuiteRunnerWorker.runSuite(SuiteRunnerWorker.java:53)
at org.testng.SuiteRunnerWorker.run(SuiteRunnerWorker.java:96)
at org.testng.TestNG.runSuitesSequentially(TestNG.java:1212)
at org.testng.TestNG.runSuitesLocally(TestNG.java:1134)
at org.testng.TestNG.runSuites(TestNG.java:1063)
at org.testng.TestNG.run(TestNG.java:1031)
at org.testng.remote.AbstractRemoteTestNG.run(AbstractRemoteTestNG.java:115)
at org.testng.remote.RemoteTestNG.initAndRun(RemoteTestNG.java:251)
at org.testng.remote.RemoteTestNG.main(RemoteTestNG.java:77)
]]>
    </error>
  </testcase> <!-- setReport -->
  <system-out/>
  <testcase name="case_RecordsgetAll" time="0.000" classname="tests.TestCases">
    <skipped/>
  </testcase> <!-- case_RecordsgetAll -->
  <system-out/>
  <testcase name="case1_NameCarbonCredit" time="0.000" classname="tests.TestCases">
    <skipped/>
  </testcase> <!-- case1_NameCarbonCredit -->
  <system-out/>
  <testcase name="case2_CanRelist" time="0.000" classname="tests.TestCases">
    <skipped/>
  </testcase> <!-- case2_CanRelist -->
  <system-out/>
  <testcase name="case3_Name_equal_Gallery_has_a_Description_that_contains_the_text_2x_larger_image" time="0.000" classname="tests.TestCases">
    <skipped/>
  </testcase> <!-- case3_Name_equal_Gallery_has_a_Description_that_contains_the_text_2x_larger_image -->
  <system-out/>
</testsuite> <!-- tests.TestCases -->
