<?xml version="1.0" encoding="UTF-8"?>
<!-- Generated by org.testng.reporters.JUnitReportReporter -->
<testsuite skipped="0" hostname="KAL14X500SA" name="tests.TestCases" tests="4" failures="0" timestamp="2021-06-11T15:33:21 NZST" time="7.985" errors="0">
  <testcase name="case_RecordsgetAll" time="2.638" classname="tests.TestCases"/>
  <system-out/>
  <testcase name="case1_NameCarbonCredit" time="2.726" classname="tests.TestCases"/>
  <system-out/>
  <testcase name="case2_CanRelist" time="1.551" classname="tests.TestCases"/>
  <system-out/>
  <testcase name="case3_Name_equal_Gallery_has_a_Description_that_contains_the_text_2x_larger_image" time="1.070" classname="tests.TestCases"/>
  <system-out/>
</testsuite> <!-- tests.TestCases -->
