<?xml version="1.0" encoding="UTF-8"?>
<!-- Generated by org.testng.reporters.JUnitReportReporter -->
<testsuite skipped="0" hostname="KAL14X500SA" name="tests.TestCases" tests="3" failures="0" timestamp="2021-06-09T21:52:06 NZST" time="9.046" errors="0">
  <testcase name="case2_CanRelist" time="0.350" classname="tests.TestCases"/>
  <system-out/>
  <testcase name="case1_NameCarbonCredit" time="8.338" classname="tests.TestCases"/>
  <system-out/>
  <testcase name="case_RecordsgetAll" time="0.358" classname="tests.TestCases"/>
  <system-out/>
</testsuite> <!-- tests.TestCases -->
