<?xml version="1.0" encoding="UTF-8" ?>
<testsuite tests="5" failures="1" name="TestSuite" time="12.02" errors="0" skipped="0">
  <properties>
    <property name="java.runtime.name" value="Java(TM) SE Runtime Environment"/>
    <property name="sun.boot.library.path" value="C:\devTools\Java\jdk1.8_u_251\jre\bin"/>
    <property name="java.vm.version" value="25.251-b08"/>
    <property name="java.vm.vendor" value="Oracle Corporation"/>
    <property name="maven.multiModuleProjectDirectory" value="C:\workspace\testAutomationAPI"/>
    <property name="java.vendor.url" value="http://java.oracle.com/"/>
    <property name="path.separator" value=";"/>
    <property name="guice.disable.misplaced.annotation.check" value="true"/>
    <property name="java.vm.name" value="Java HotSpot(TM) 64-Bit Server VM"/>
    <property name="file.encoding.pkg" value="sun.io"/>
    <property name="user.script" value=""/>
    <property name="user.country" value="NZ"/>
    <property name="sun.java.launcher" value="SUN_STANDARD"/>
    <property name="sun.os.patch.level" value=""/>
    <property name="java.vm.specification.name" value="Java Virtual Machine Specification"/>
    <property name="user.dir" value="C:\workspace\testAutomationAPI"/>
    <property name="java.runtime.version" value="1.8.0_251-b08"/>
    <property name="java.awt.graphicsenv" value="sun.awt.Win32GraphicsEnvironment"/>
    <property name="java.endorsed.dirs" value="C:\devTools\Java\jdk1.8_u_251\jre\lib\endorsed"/>
    <property name="os.arch" value="amd64"/>
    <property name="java.io.tmpdir" value="C:\Users\Jagath\AppData\Local\Temp\"/>
    <property name="line.separator" value="
"/>
    <property name="java.vm.specification.vendor" value="Oracle Corporation"/>
    <property name="user.variant" value=""/>
    <property name="os.name" value="Windows 10"/>
    <property name="classworlds.conf" value="C:\devTools\apache-maven-3.6.3\bin\..\bin\m2.conf"/>
    <property name="sun.jnu.encoding" value="Cp1252"/>
    <property name="java.library.path" value="C:\devTools\Java\jdk1.8_u_251\bin;C:\WINDOWS\Sun\Java\bin;C:\WINDOWS\system32;C:\WINDOWS;C:\WINDOWS\system32;C:\WINDOWS;C:\WINDOWS\System32\Wbem;C:\WINDOWS\System32\WindowsPowerShell\v1.0\;C:\WINDOWS\System32\OpenSSH\;C:\devTools\Java\gradle-4.6\bin;C:\devTools\Java\groovy-2.5.7\bin;C:\devTools\Java\jdk1.8_u_251\bin;C:\devTools\apache-maven-3.6.3\bin;C:\Users\Jagath\AppData\Local\Microsoft\WindowsApps;;."/>
    <property name="maven.conf" value="C:\devTools\apache-maven-3.6.3\bin\../conf"/>
    <property name="java.specification.name" value="Java Platform API Specification"/>
    <property name="java.class.version" value="52.0"/>
    <property name="sun.management.compiler" value="HotSpot 64-Bit Tiered Compilers"/>
    <property name="os.version" value="10.0"/>
    <property name="library.jansi.path" value="C:\devTools\apache-maven-3.6.3\bin\..\lib\jansi-native"/>
    <property name="user.home" value="C:\Users\Jagath"/>
    <property name="user.timezone" value="Pacific/Auckland"/>
    <property name="java.awt.printerjob" value="sun.awt.windows.WPrinterJob"/>
    <property name="java.specification.version" value="1.8"/>
    <property name="file.encoding" value="Cp1252"/>
    <property name="user.name" value="Jagath"/>
    <property name="java.class.path" value="C:\devTools\apache-maven-3.6.3\bin\..\boot\plexus-classworlds-2.6.0.jar"/>
    <property name="java.vm.specification.version" value="1.8"/>
    <property name="sun.arch.data.model" value="64"/>
    <property name="java.home" value="C:\devTools\Java\jdk1.8_u_251\jre"/>
    <property name="sun.java.command" value="org.codehaus.plexus.classworlds.launcher.Launcher test"/>
    <property name="java.specification.vendor" value="Oracle Corporation"/>
    <property name="user.language" value="en"/>
    <property name="awt.toolkit" value="sun.awt.windows.WToolkit"/>
    <property name="java.vm.info" value="mixed mode"/>
    <property name="java.version" value="1.8.0_251"/>
    <property name="java.ext.dirs" value="C:\devTools\Java\jdk1.8_u_251\jre\lib\ext;C:\WINDOWS\Sun\Java\lib\ext"/>
    <property name="sun.boot.class.path" value="C:\devTools\Java\jdk1.8_u_251\jre\lib\resources.jar;C:\devTools\Java\jdk1.8_u_251\jre\lib\rt.jar;C:\devTools\Java\jdk1.8_u_251\jre\lib\sunrsasign.jar;C:\devTools\Java\jdk1.8_u_251\jre\lib\jsse.jar;C:\devTools\Java\jdk1.8_u_251\jre\lib\jce.jar;C:\devTools\Java\jdk1.8_u_251\jre\lib\charsets.jar;C:\devTools\Java\jdk1.8_u_251\jre\lib\jfr.jar;C:\devTools\Java\jdk1.8_u_251\jre\classes"/>
    <property name="sun.stderr.encoding" value="cp437"/>
    <property name="java.vendor" value="Oracle Corporation"/>
    <property name="maven.home" value="C:\devTools\apache-maven-3.6.3\bin\.."/>
    <property name="file.separator" value="\"/>
    <property name="java.vendor.url.bug" value="http://bugreport.sun.com/bugreport/"/>
    <property name="sun.cpu.endian" value="little"/>
    <property name="sun.io.unicode.encoding" value="UnicodeLittle"/>
    <property name="sun.stdout.encoding" value="cp437"/>
    <property name="sun.desktop" value="windows"/>
    <property name="sun.cpu.isalist" value="amd64"/>
  </properties>
  <testcase classname="tests.TestCases" name="case1_NameCarbonCredit on [TestCases passed=0 failed=0 skipped=0]" time="9.711"/>
  <testcase classname="tests.TestCases" name="case1_RecordsgetAll on [TestCases passed=0 failed=0 skipped=0]" time="0.03"/>
  <testcase classname="tests.TestCases" name="case2_CanRelist on [TestCases passed=0 failed=0 skipped=0]" time="1.767"/>
  <testcase classname="tests.TestCases" name="case3_Name_equal_Gallery_has_a_Description_that_contains_the_text_2x_larger_image on [TestCases passed=0 failed=0 skipped=0]" time="0.512">
    <failure type="java.lang.NullPointerException">java.lang.NullPointerException
	at tests.TestCases.case3_Name_equal_Gallery_has_a_Description_that_contains_the_text_2x_larger_image(TestCases.java:69)
</failure>
    <system-out>
	on test case3_Name_equal_Gallery_has_a_Description_that_contains_the_text_2x_larger_image on [TestCases passed=0 failed=0 skipped=0]Start...16
case3...
...test..case3_Name_equal_Gallery_has_a_Description_that_contains_the_text_2x_larger_image on [TestCases passed=0 failed=0 skipped=0] on failure...

	test ==..case3_Name_equal_Gallery_has_a_Description_that_contains_the_text_2x_larger_image on [TestCases passed=0 failed=0 skipped=0]   2
Response recieved is:{&quot;CategoryId&quot;:6327,&quot;Name&quot;:&quot;Carbon credits&quot;,&quot;Path&quot;:&quot;\/Business-farming-industry\/Carbon-credits&quot;,&quot;CanListAuctions&quot;:true,&quot;CanListClassifieds&quot;:true,&quot;CanRelist&quot;:true,&quot;LegalNotice&quot;:&quot;Compliance Declaration\u000aI confirm that these carbon credits are certified and registered with a carbon credits registry. &quot;,&quot;DefaultDuration&quot;:14,&quot;AllowedDurations&quot;:[2,3,4,5,6,7,10,14],&quot;Fees&quot;:{&quot;Bundle&quot;:15.0000,&quot;EndDate&quot;:0.2500,&quot;Feature&quot;:10.0000,&quot;Gallery&quot;:2.0000,&quot;Listing&quot;:29.0000,&quot;Reserve&quot;:0.2500,&quot;Subtitle&quot;:0.5500,&quot;TenDays&quot;:0.2500,&quot;ListingFeeTiers&quot;:[{&quot;MinimumTierPrice&quot;:0,&quot;FixedFee&quot;:29.00}],&quot;SecondCategory&quot;:0.9900},&quot;FreePhotoCount&quot;:20,&quot;MaximumPhotoCount&quot;:20,&quot;IsFreeToRelist&quot;:true,&quot;Promotions&quot;:[{&quot;Id&quot;:1,&quot;Name&quot;:&quot;Basic&quot;,&quot;Description&quot;:&quot;Lowest position in category&quot;,&quot;Price&quot;:0.0000,&quot;MinimumPhotoCount&quot;:0},{&quot;Id&quot;:2,&quot;Name&quot;:&quot;Gallery&quot;,&quot;Description&quot;:&quot;Good position in category&quot;,&quot;Price&quot;:2.0000,&quot;OriginalPrice&quot;:2.0000,&quot;MinimumPhotoCount&quot;:0},{&quot;Id&quot;:3,&quot;Name&quot;:&quot;Feature&quot;,&quot;Description&quot;:&quot;Better position in category&quot;,&quot;Price&quot;:10.0000,&quot;OriginalPrice&quot;:10.0000,&quot;Recommended&quot;:true,&quot;MinimumPhotoCount&quot;:0},{&quot;Id&quot;:4,&quot;Name&quot;:&quot;Feature Combo&quot;,&quot;Description&quot;:&quot;Best position in category \u000aIncludes benefits of Feature \u000aHighlights listing in search results&quot;,&quot;Price&quot;:15.0000,&quot;OriginalPrice&quot;:15.0000,&quot;MinimumPhotoCount&quot;:0}],&quot;EmbeddedContentOptions&quot;:[],&quot;MaximumTitleLength&quot;:80,&quot;AreaOfBusiness&quot;:1,&quot;DefaultRelistDuration&quot;:7}
</system-out>
  </testcase>
  <testcase classname="testAutomationAPI.testAutomationAPI.AppTest" name="testApp on testApp(testAutomationAPI.testAutomationAPI.AppTest)" time="0"/>
</testsuite>