<?xml version="1.0" encoding="UTF-8"?>
<!-- Generated by org.testng.reporters.JUnitReportReporter -->
<testsuite skipped="0" hostname="KAL14X500SA" name="testAutomationAPI.testAutomationAPI.AppTest" tests="1" failures="0" timestamp="24 May 2021 01:24:07 GMT" time="0.091" errors="0">
  <testcase name="testApp" time="0.091" classname="testAutomationAPI.testAutomationAPI.AppTest"/>
</testsuite> <!-- testAutomationAPI.testAutomationAPI.AppTest -->
